
ROM used: 488 (95%)
          488 (95%) including unused fragments

          2 Average locations per line
          4 Average locations per statement

RAM used: 13 (52%) at main() level
          18 (72%) worst case

Stack used: 1 worst case (out of 2 total available)

Lines Stmts  %   Files
----- ----- ---  -----
  175   126 100  timer_uv.c
   12     0   0  timer_uv.h
   98     0   0  ..\..\..\..\..\..\Program Files\PICC\Devices\12C508A.h
----- -----
  285   126 Total

Page ROM  %  RAM   Vol Diff  Functions:
---- --- --- ---   --- ----  ----------
 Inline        1             @delay_ms1
 Inline        0    32  1.0  pulso_clock
0     83  17   2   895  7.4  contar
0     24   5   1    17  0.8  time
 Inline        0   295  1.4  ola
 Inline        0   136  1.3  pause
 Inline        0   136  1.3  on
 Inline        0    48  1.1  of
0    265  54   8  1712  9.4  MAIN
0     37   8   2             @MUL88
0     21   4   5             @MUL1616
0     37   8   5             @DIV1616
0     21   4   3             @DIV88

Program metrics:
    Functions               8
    Statements              126
    Comments                71
    Volume (V)              4477
    Difficilty (D)          24.0
    Effort to implement (E) 107264
    Time to implement (T)   1 hours, 39 minutes
    Est Delivered Bugs (B)  1
    Cyclomatic Complexity   19
    Maintainability (MI)    43

 Segment     Used  Free
-----------  ----  ----
00000-001FF   488  16  



